<?xml version="1.0" encoding="UTF-8"?>
<!-- Generated by org.testng.reporters.JUnitReportReporter -->
<testsuite hostname="DESKTOP-QRB56CU" name="utilities.XLdataProvider" tests="1" failures="0" timestamp="2 Feb 2024 02:23:05 GMT" time="0.558" errors="0">
  <testcase name="XLdataProvider1" time="0.558" classname="utilities.XLdataProvider"/>
</testsuite> <!-- utilities.XLdataProvider -->
