<?xml version="1.0" encoding="UTF-8"?>
<!-- Generated by org.testng.reporters.JUnitReportReporter -->
<testsuite hostname="DESKTOP-QRB56CU" name="tests.TC001_LoginPageTest" tests="1" failures="0" timestamp="28 Jul 2023 18:27:25 GMT" time="4.473" errors="0">
  <testcase name="testWithValidData" time="4.473" classname="tests.TC001_LoginPageTest"/>
</testsuite> <!-- tests.TC001_LoginPageTest -->
