<?xml version="1.0" encoding="UTF-8"?>
<!-- Generated by org.testng.reporters.JUnitReportReporter -->
<testsuite hostname="DESKTOP-QRB56CU" name="tests.TC002AddNewCustomerTest" tests="1" failures="0" timestamp="8 Jan 2023 20:20:08 GMT" time="11.508" errors="0">
  <testcase name="newCustomerPage" time="11.508" classname="tests.TC002AddNewCustomerTest"/>
</testsuite> <!-- tests.TC002AddNewCustomerTest -->
