<?xml version="1.0" encoding="UTF-8"?>
<!-- Generated by org.testng.reporters.JUnitReportReporter -->
<testsuite hostname="DESKTOP-QRB56CU" name="testScripts.TC002AddNewCustomerTest" tests="1" failures="0" timestamp="29 Aug 2023 12:07:44 GMT" time="15.172" errors="0">
  <testcase name="addNewCustomerPage" time="15.172" classname="testScripts.TC002AddNewCustomerTest"/>
</testsuite> <!-- testScripts.TC002AddNewCustomerTest -->
