<?xml version="1.0" encoding="UTF-8"?>
<!-- Generated by org.testng.reporters.JUnitReportReporter -->
<testsuite hostname="DESKTOP-QRB56CU" name="utilities.XLdataProvider" tests="1" failures="0" timestamp="2 Feb 2024 00:19:10 GMT" time="0.489" errors="0">
  <testcase name="XLdataProvider1" time="0.489" classname="utilities.XLdataProvider"/>
</testsuite> <!-- utilities.XLdataProvider -->
