<?xml version="1.0" encoding="UTF-8"?>
<!-- Generated by org.testng.reporters.JUnitReportReporter -->
<testsuite hostname="DESKTOP-QRB56CU" name="testScripts.TC002AddNewCustomerTest" tests="1" failures="0" timestamp="29 Aug 2023 00:23:55 GMT" time="9.638" errors="0">
  <testcase name="addNewCustomerPage" time="9.638" classname="testScripts.TC002AddNewCustomerTest"/>
</testsuite> <!-- testScripts.TC002AddNewCustomerTest -->
